{"/home/diki/Documents/data/learn-programming/nodejs/hapi-automated-testing/src/createServer.js": {"path":"/home/diki/Documents/data/learn-programming/nodejs/hapi-automated-testing/src/createServer.js","statementMap":{"0":{"start":{"line":1,"column":13},"end":{"line":1,"column":34}},"1":{"start":{"line":3,"column":21},"end":{"line":28,"column":1}},"2":{"start":{"line":4,"column":16},"end":{"line":7,"column":3}},"3":{"start":{"line":9,"column":1},"end":{"line":25,"column":4}},"4":{"start":{"line":14,"column":7},"end":{"line":14,"column":39}},"5":{"start":{"line":21,"column":24},"end":{"line":21,"column":38}},"6":{"start":{"line":22,"column":7},"end":{"line":22,"column":40}},"7":{"start":{"line":27,"column":1},"end":{"line":27,"column":15}},"8":{"start":{"line":30,"column":0},"end":{"line":30,"column":30}}},"fnMap":{"0":{"name":"(anonymous_0)","decl":{"start":{"line":3,"column":21},"end":{"line":3,"column":22}},"loc":{"start":{"line":3,"column":27},"end":{"line":28,"column":1}},"line":3},"1":{"name":"(anonymous_1)","decl":{"start":{"line":13,"column":14},"end":{"line":13,"column":15}},"loc":{"start":{"line":13,"column":20},"end":{"line":15,"column":6}},"line":13},"2":{"name":"(anonymous_2)","decl":{"start":{"line":20,"column":14},"end":{"line":20,"column":15}},"loc":{"start":{"line":20,"column":27},"end":{"line":23,"column":6}},"line":20}},"branchMap":{},"s":{"0":1,"1":1,"2":2,"3":2,"4":1,"5":1,"6":1,"7":2,"8":1},"f":{"0":2,"1":1,"2":1},"b":{},"_coverageSchema":"1a1c01bbd47fc00a2c39e90264f33305004495a9","hash":"dde9eb8fbb71e755a962316ac4b4eacfa85515eb"}
}
